Using pre-set license
Built from '2020.3/staging' branch; Version is '2020.3.9f1 (108be757e447) revision 1084391'; Using compiler version '192528614'; Build Type 'Release'
OS: 'Windows 10 Pro; OS build 19043.1023; Version 2009; 64bit' Language: 'en' Physical Memory: 16315 MB
BatchMode: 1, IsHumanControllingUs: 0, StartBugReporterOnCrash: 0, Is64bit: 1, IsPro: 0

 COMMAND LINE ARGUMENTS:
D:\Unity\2020.3.9f1\Editor\Unity.exe
-adb2
-batchMode
-noUpm
-name
AssetImportWorker0
-projectPath
D:/Documents/Work/Unity/2021.06 - LUVBUG/LUVBUG-HUNGRYSHARK
-logFile
Logs/AssetImportWorker0.log
-srvPort
56466
Successfully changed project path to: D:/Documents/Work/Unity/2021.06 - LUVBUG/LUVBUG-HUNGRYSHARK
D:/Documents/Work/Unity/2021.06 - LUVBUG/LUVBUG-HUNGRYSHARK
Using Asset Import Pipeline V2.
Refreshing native plugins compatible for Editor in 19.36 ms, found 0 plugins.
Preloading 0 native plugins for Editor in 0.00 ms.
Initialize engine version: 2020.3.9f1 (108be757e447)
[Subsystems] Discovering subsystems at path D:/Unity/2020.3.9f1/Editor/Data/Resources/UnitySubsystems
[Subsystems] Discovering subsystems at path D:/Documents/Work/Unity/2021.06 - LUVBUG/LUVBUG-HUNGRYSHARK/Assets
GfxDevice: creating device client; threaded=0
Direct3D:
    Version:  Direct3D 11.0 [level 11.1]
    Renderer: NVIDIA GeForce RTX 2070 SUPER (ID=0x1e84)
    Vendor:   
    VRAM:     8011 MB
    Driver:   27.21.14.6663
Initialize mono
Mono path[0] = 'D:/Unity/2020.3.9f1/Editor/Data/Managed'
Mono path[1] = 'D:/Unity/2020.3.9f1/Editor/Data/MonoBleedingEdge/lib/mono/unityjit'
Mono config path = 'D:/Unity/2020.3.9f1/Editor/Data/MonoBleedingEdge/etc'
Using monoOptions --debugger-agent=transport=dt_socket,embedding=1,server=y,suspend=n,address=127.0.0.1:56940
Begin MonoManager ReloadAssembly
Registering precompiled unity dll's ...
Register platform support module: D:/Unity/2020.3.9f1/Editor/Data/PlaybackEngines/WindowsStandaloneSupport/UnityEditor.WindowsStandalone.Extensions.dll
Registered in 0.002095 seconds.
Native extension for WindowsStandalone target not found
Refreshing native plugins compatible for Editor in 18.47 ms, found 0 plugins.
Preloading 0 native plugins for Editor in 0.00 ms.
Mono: successfully reloaded assembly
- Completed reload, in  2.188 seconds
Platform modules already initialized, skipping
Registering precompiled user dll's ...
Registered in 0.000819 seconds.
Begin MonoManager ReloadAssembly
Native extension for WindowsStandalone target not found
Refreshing native plugins compatible for Editor in 0.20 ms, found 0 plugins.
Preloading 0 native plugins for Editor in 0.00 ms.
Mono: successfully reloaded assembly
- Completed reload, in  0.778 seconds
Platform modules already initialized, skipping
========================================================================
Worker process is ready to serve import requests
Launched and connected shader compiler UnityShaderCompiler.exe after 0.06 seconds
Refreshing native plugins compatible for Editor in 0.22 ms, found 0 plugins.
Preloading 0 native plugins for Editor in 0.00 ms.
Unloading 1115 Unused Serialized files (Serialized files now loaded: 0)
System memory in use before: 57.0 MB.
System memory in use after: 57.1 MB.

Unloading 10 unused Assets to reduce memory usage. Loaded Objects now: 1557.
Total: 2.506300 ms (FindLiveObjects: 0.190800 ms CreateObjectMapping: 0.057600 ms MarkObjects: 2.164800 ms  DeleteObjects: 0.091600 ms)

========================================================================
Received Import Request.
  path: Assets/Scenes
  artifactKey: Guid(d1649e0508d90ed4cb11d57ed4bdb57a) Importer(815301076,1909f56bfc062723c751e8b465ee728b)
Start importing Assets/Scenes using Guid(d1649e0508d90ed4cb11d57ed4bdb57a) Importer(815301076,1909f56bfc062723c751e8b465ee728b)  -> (artifact id: '420398836fab7bf26c1560d2eb9cf626') in 0.014725 seconds
  Import took 0.017265 seconds .

========================================================================
Received Prepare
Registering precompiled user dll's ...
Registered in 0.000762 seconds.
Begin MonoManager ReloadAssembly
Native extension for WindowsStandalone target not found
Refreshing native plugins compatible for Editor in 0.20 ms, found 0 plugins.
Preloading 0 native plugins for Editor in 0.00 ms.
Mono: successfully reloaded assembly
- Completed reload, in  0.731 seconds
Platform modules already initialized, skipping
Refreshing native plugins compatible for Editor in 0.21 ms, found 0 plugins.
Preloading 0 native plugins for Editor in 0.00 ms.
Unloading 1113 Unused Serialized files (Serialized files now loaded: 0)
System memory in use before: 57.0 MB.
System memory in use after: 57.1 MB.

Unloading 5 unused Assets to reduce memory usage. Loaded Objects now: 1563.
Total: 1.440900 ms (FindLiveObjects: 0.130200 ms CreateObjectMapping: 0.033800 ms MarkObjects: 1.227100 ms  DeleteObjects: 0.048500 ms)

========================================================================
Received Import Request.
  Time since last request: 100.947171 seconds.
  path: Assets/Underwater
  artifactKey: Guid(3a5d210b76bdfe542b46bb2cab4700de) Importer(815301076,1909f56bfc062723c751e8b465ee728b)
Start importing Assets/Underwater using Guid(3a5d210b76bdfe542b46bb2cab4700de) Importer(815301076,1909f56bfc062723c751e8b465ee728b)  -> (artifact id: '19b59e15a07d39ff8772edc0b5f3c1e1') in 0.007892 seconds
  Import took 0.009416 seconds .

========================================================================
Received Import Request.
  Time since last request: 0.002396 seconds.
  path: Assets/Underwater
  artifactKey: Guid(3a5d210b76bdfe542b46bb2cab4700de) Importer(815301076,1909f56bfc062723c751e8b465ee728b)
Start importing Assets/Underwater using Guid(3a5d210b76bdfe542b46bb2cab4700de) Importer(815301076,1909f56bfc062723c751e8b465ee728b)  -> (artifact id: '19b59e15a07d39ff8772edc0b5f3c1e1') in 0.003999 seconds
  Import took 0.005854 seconds .

========================================================================
Received Import Request.
  Time since last request: 2.544052 seconds.
  path: Assets/_TerrainAutoUpgrade
  artifactKey: Guid(8f4023e369532e443a25f5af5e81cf1a) Importer(815301076,1909f56bfc062723c751e8b465ee728b)
Start importing Assets/_TerrainAutoUpgrade using Guid(8f4023e369532e443a25f5af5e81cf1a) Importer(815301076,1909f56bfc062723c751e8b465ee728b)  -> (artifact id: '93c03c9c87828a4b8867527789f9100e') in 0.006370 seconds
  Import took 0.007856 seconds .

========================================================================
Received Import Request.
  Time since last request: 0.082027 seconds.
  path: Assets/_TerrainAutoUpgrade/layer_sandcd2d2d038030d602.terrainlayer
  artifactKey: Guid(7fe1ac5b6fbe2c94fa83f2c6c23e3e9a) Importer(815301076,1909f56bfc062723c751e8b465ee728b)
Start importing Assets/_TerrainAutoUpgrade/layer_sandcd2d2d038030d602.terrainlayer using Guid(7fe1ac5b6fbe2c94fa83f2c6c23e3e9a) Importer(815301076,1909f56bfc062723c751e8b465ee728b)  -> (artifact id: '6689ab7e1a54b2b024a8f95ffb5f1ec6') in 0.084297 seconds
  Import took 0.085858 seconds .

========================================================================
Received Import Request.
  Time since last request: 4.048212 seconds.
  path: Assets
  artifactKey: Guid(00000000000000001000000000000000) Importer(815301076,1909f56bfc062723c751e8b465ee728b)
Start importing Assets using Guid(00000000000000001000000000000000) Importer(815301076,1909f56bfc062723c751e8b465ee728b)  -> (artifact id: '42d402b061de3733987d63b9cc3b64de') in 0.006462 seconds
  Import took 0.007975 seconds .

========================================================================
Received Import Request.
  Time since last request: 14.082991 seconds.
  path: Assets/Imports
  artifactKey: Guid(c50e9802381c42f44889d6a2ee6aefcc) Importer(815301076,1909f56bfc062723c751e8b465ee728b)
Start importing Assets/Imports using Guid(c50e9802381c42f44889d6a2ee6aefcc) Importer(815301076,1909f56bfc062723c751e8b465ee728b)  -> (artifact id: 'c130523a799c9a819ab4bd3cfdab357d') in 0.006738 seconds
  Import took 0.008487 seconds .

========================================================================
Received Prepare
Registering precompiled user dll's ...
Registered in 0.001164 seconds.
Begin MonoManager ReloadAssembly
Native extension for WindowsStandalone target not found
Refreshing native plugins compatible for Editor in 0.20 ms, found 0 plugins.
Preloading 0 native plugins for Editor in 0.00 ms.
Mono: successfully reloaded assembly
- Completed reload, in  0.723 seconds
Platform modules already initialized, skipping
Refreshing native plugins compatible for Editor in 0.20 ms, found 0 plugins.
Preloading 0 native plugins for Editor in 0.00 ms.
Unloading 1113 Unused Serialized files (Serialized files now loaded: 0)
System memory in use before: 60.1 MB.
System memory in use after: 60.2 MB.

Unloading 5 unused Assets to reduce memory usage. Loaded Objects now: 1571.
Total: 1.269500 ms (FindLiveObjects: 0.110000 ms CreateObjectMapping: 0.026300 ms MarkObjects: 1.096100 ms  DeleteObjects: 0.036100 ms)

========================================================================
Received Import Request.
  Time since last request: 19.356433 seconds.
  path: Assets/Imports/Underwater/scenes
  artifactKey: Guid(f1c15b90de4d590449d32016b97d3b0a) Importer(815301076,1909f56bfc062723c751e8b465ee728b)
Start importing Assets/Imports/Underwater/scenes using Guid(f1c15b90de4d590449d32016b97d3b0a) Importer(815301076,1909f56bfc062723c751e8b465ee728b)  -> (artifact id: '240ca8e465a3c44266bc5cced7afd97d') in 0.008776 seconds
  Import took 0.010618 seconds .

========================================================================
Received Import Request.
  Time since last request: 1.120591 seconds.
  path: Assets/Imports/Underwater/scenes/underwater
  artifactKey: Guid(510aebc09c200594aa1935930376fbc5) Importer(815301076,1909f56bfc062723c751e8b465ee728b)
Start importing Assets/Imports/Underwater/scenes/underwater using Guid(510aebc09c200594aa1935930376fbc5) Importer(815301076,1909f56bfc062723c751e8b465ee728b)  -> (artifact id: '3716d2401d5a0c9f126258e84cfec3a0') in 0.007329 seconds
  Import took 0.008965 seconds .

========================================================================
Received Import Request.
  Time since last request: 0.090302 seconds.
  path: Assets/Imports/Underwater/scenes/underwater/LightingData.asset
  artifactKey: Guid(2593f4e5cc8f0d44287c6fcbb48fb4b6) Importer(815301076,1909f56bfc062723c751e8b465ee728b)
Start importing Assets/Imports/Underwater/scenes/underwater/LightingData.asset using Guid(2593f4e5cc8f0d44287c6fcbb48fb4b6) Importer(815301076,1909f56bfc062723c751e8b465ee728b)  -> (artifact id: 'a09ddb4247171e545252bfd8b8c777fd') in 0.014143 seconds
  Import took 0.015726 seconds .

========================================================================
Received Import Request.
  Time since last request: 0.000155 seconds.
  path: Assets/Imports/Underwater/scenes/underwater/ReflectionProbe-0.exr
  artifactKey: Guid(d03b2ee921bafec478ac1b4731809be4) Importer(815301076,1909f56bfc062723c751e8b465ee728b)
Start importing Assets/Imports/Underwater/scenes/underwater/ReflectionProbe-0.exr using Guid(d03b2ee921bafec478ac1b4731809be4) Importer(815301076,1909f56bfc062723c751e8b465ee728b)  -> (artifact id: '1d713f4ca0d23248e2fc6c3e57a61850') in 0.065050 seconds
  Import took 0.066940 seconds .

========================================================================
Received Import Request.
  Time since last request: 0.000185 seconds.
  path: Assets/Imports/Underwater/scenes/underwater/ReflectionProbe-1.exr
  artifactKey: Guid(0d9f7a89f5aa36e4d9dea1014d9e0fbb) Importer(815301076,1909f56bfc062723c751e8b465ee728b)
Start importing Assets/Imports/Underwater/scenes/underwater/ReflectionProbe-1.exr using Guid(0d9f7a89f5aa36e4d9dea1014d9e0fbb) Importer(815301076,1909f56bfc062723c751e8b465ee728b)  -> (artifact id: '29ff43cd6f169cad8d1b1669ab270700') in 0.015247 seconds
  Import took 0.017142 seconds .

========================================================================
Received Prepare
Registering precompiled user dll's ...
Registered in 0.000765 seconds.
Begin MonoManager ReloadAssembly
Native extension for WindowsStandalone target not found
Refreshing native plugins compatible for Editor in 0.20 ms, found 0 plugins.
Preloading 0 native plugins for Editor in 0.00 ms.
Mono: successfully reloaded assembly
- Completed reload, in  0.709 seconds
Platform modules already initialized, skipping
Refreshing native plugins compatible for Editor in 0.48 ms, found 0 plugins.
Preloading 0 native plugins for Editor in 0.00 ms.
Unloading 1113 Unused Serialized files (Serialized files now loaded: 0)
System memory in use before: 60.4 MB.
System memory in use after: 60.5 MB.

Unloading 5 unused Assets to reduce memory usage. Loaded Objects now: 1604.
Total: 1.649100 ms (FindLiveObjects: 0.210900 ms CreateObjectMapping: 0.038800 ms MarkObjects: 1.349900 ms  DeleteObjects: 0.047900 ms)

========================================================================
Received Prepare
Registering precompiled user dll's ...
Registered in 0.000718 seconds.
Begin MonoManager ReloadAssembly
Native extension for WindowsStandalone target not found
Refreshing native plugins compatible for Editor in 0.20 ms, found 0 plugins.
Preloading 0 native plugins for Editor in 0.00 ms.
Mono: successfully reloaded assembly
- Completed reload, in  0.695 seconds
Platform modules already initialized, skipping
Refreshing native plugins compatible for Editor in 0.21 ms, found 0 plugins.
Preloading 0 native plugins for Editor in 0.00 ms.
Unloading 1113 Unused Serialized files (Serialized files now loaded: 0)
System memory in use before: 60.4 MB.
System memory in use after: 60.5 MB.

Unloading 5 unused Assets to reduce memory usage. Loaded Objects now: 1607.
Total: 1.362000 ms (FindLiveObjects: 0.112300 ms CreateObjectMapping: 0.028900 ms MarkObjects: 1.181500 ms  DeleteObjects: 0.038300 ms)

========================================================================
Received Import Request.
  Time since last request: 54.220062 seconds.
  path: Assets/Imports/Scenes
  artifactKey: Guid(f1c15b90de4d590449d32016b97d3b0a) Importer(815301076,1909f56bfc062723c751e8b465ee728b)
Start importing Assets/Imports/Scenes using Guid(f1c15b90de4d590449d32016b97d3b0a) Importer(815301076,1909f56bfc062723c751e8b465ee728b)  -> (artifact id: 'cce6c673b4d179f3b6e0276598ae7730') in 0.009746 seconds
  Import took 0.011331 seconds .

========================================================================
Received Import Request.
  Time since last request: 21.722047 seconds.
  path: Assets/Scenes/underwater.unity
  artifactKey: Guid(c5f923982eaf1ba478ab9183546aada5) Importer(815301076,1909f56bfc062723c751e8b465ee728b)
Start importing Assets/Scenes/underwater.unity using Guid(c5f923982eaf1ba478ab9183546aada5) Importer(815301076,1909f56bfc062723c751e8b465ee728b)  -> (artifact id: 'cdc3e5d4d955c610e90bfc6f9df07156') in 0.012534 seconds
  Import took 0.014208 seconds .

========================================================================
Received Import Request.
  Time since last request: 97.517955 seconds.
  path: Assets/Underwater_Blues
  artifactKey: Guid(9682a8fcf38dc7c4dbbc67eff5c17b3f) Importer(815301076,1909f56bfc062723c751e8b465ee728b)
Start importing Assets/Underwater_Blues using Guid(9682a8fcf38dc7c4dbbc67eff5c17b3f) Importer(815301076,1909f56bfc062723c751e8b465ee728b)  -> (artifact id: 'b2c2107d26368770bb0a3b9b41a650f6') in 0.006984 seconds
  Import took 0.008754 seconds .

========================================================================
Received Import Request.
  Time since last request: 0.076995 seconds.
  path: Assets/Underwater_Blues/Underwater_Blues.wav
  artifactKey: Guid(b2f08eaf10fed284daebd2f5a748bd80) Importer(815301076,1909f56bfc062723c751e8b465ee728b)
Start importing Assets/Underwater_Blues/Underwater_Blues.wav using Guid(b2f08eaf10fed284daebd2f5a748bd80) Importer(815301076,1909f56bfc062723c751e8b465ee728b)  -> (artifact id: '2a0ea1ece5bc15bb6c4b3f87c35a2ece') in 0.048001 seconds
  Import took 0.049662 seconds .

========================================================================
Received Import Request.
  Time since last request: 11.877065 seconds.
  path: Assets/Imports/Audio
  artifactKey: Guid(30fedd5c5dca8f344bdbd95ac1b8b83f) Importer(815301076,1909f56bfc062723c751e8b465ee728b)
Start importing Assets/Imports/Audio using Guid(30fedd5c5dca8f344bdbd95ac1b8b83f) Importer(815301076,1909f56bfc062723c751e8b465ee728b)  -> (artifact id: 'd0672f7b724fe43e56639e2bdf507978') in 0.006790 seconds
  Import took 0.008840 seconds .

========================================================================
Received Prepare
Registering precompiled user dll's ...
Registered in 0.000814 seconds.
Begin MonoManager ReloadAssembly
Native extension for WindowsStandalone target not found
Refreshing native plugins compatible for Editor in 0.25 ms, found 0 plugins.
Preloading 0 native plugins for Editor in 0.00 ms.
Mono: successfully reloaded assembly
- Completed reload, in  0.690 seconds
Platform modules already initialized, skipping
Refreshing native plugins compatible for Editor in 0.20 ms, found 0 plugins.
Preloading 0 native plugins for Editor in 0.00 ms.
Unloading 1113 Unused Serialized files (Serialized files now loaded: 0)
System memory in use before: 60.5 MB.
System memory in use after: 60.6 MB.

Unloading 5 unused Assets to reduce memory usage. Loaded Objects now: 1613.
Total: 1.314500 ms (FindLiveObjects: 0.129500 ms CreateObjectMapping: 0.030000 ms MarkObjects: 1.115000 ms  DeleteObjects: 0.039000 ms)

========================================================================
Received Import Request.
  Time since last request: 2141.154178 seconds.
  path: Assets/Imports/Underwater/Fish/Scripts/Fish.cs
  artifactKey: Guid(c68da6c1f159f564ba2b609f0db4422f) Importer(815301076,1909f56bfc062723c751e8b465ee728b)
Start importing Assets/Imports/Underwater/Fish/Scripts/Fish.cs using Guid(c68da6c1f159f564ba2b609f0db4422f) Importer(815301076,1909f56bfc062723c751e8b465ee728b)  -> (artifact id: '61880d0fa6cb4f568a4ec806994bf0d0') in 0.017643 seconds
  Import took 0.019578 seconds .

========================================================================
Received Prepare
Registering precompiled user dll's ...
Registered in 0.001061 seconds.
Begin MonoManager ReloadAssembly
Native extension for WindowsStandalone target not found
Refreshing native plugins compatible for Editor in 0.30 ms, found 0 plugins.
Preloading 0 native plugins for Editor in 0.00 ms.
Mono: successfully reloaded assembly
- Completed reload, in  0.715 seconds
Platform modules already initialized, skipping
Refreshing native plugins compatible for Editor in 0.20 ms, found 0 plugins.
Preloading 0 native plugins for Editor in 0.00 ms.
Unloading 1113 Unused Serialized files (Serialized files now loaded: 0)
System memory in use before: 60.5 MB.
System memory in use after: 60.6 MB.

Unloading 5 unused Assets to reduce memory usage. Loaded Objects now: 1616.
Total: 1.593400 ms (FindLiveObjects: 0.285800 ms CreateObjectMapping: 0.063800 ms MarkObjects: 1.188600 ms  DeleteObjects: 0.054500 ms)

========================================================================
Received Prepare
Registering precompiled user dll's ...
Registered in 0.000904 seconds.
Begin MonoManager ReloadAssembly
Native extension for WindowsStandalone target not found
Refreshing native plugins compatible for Editor in 0.26 ms, found 0 plugins.
Preloading 0 native plugins for Editor in 0.00 ms.
Mono: successfully reloaded assembly
- Completed reload, in  0.726 seconds
Platform modules already initialized, skipping
Refreshing native plugins compatible for Editor in 0.21 ms, found 0 plugins.
Preloading 0 native plugins for Editor in 0.00 ms.
Unloading 1113 Unused Serialized files (Serialized files now loaded: 0)
System memory in use before: 60.5 MB.
System memory in use after: 60.6 MB.

Unloading 5 unused Assets to reduce memory usage. Loaded Objects now: 1619.
Total: 1.618500 ms (FindLiveObjects: 0.119800 ms CreateObjectMapping: 0.029600 ms MarkObjects: 1.417100 ms  DeleteObjects: 0.050600 ms)

========================================================================
Received Import Request.
  Time since last request: 502.425114 seconds.
  path: Assets/Imports/Underwater/Sea creatures/Animator/Shark.controller
  artifactKey: Guid(bba24a894ac75ea4bb3fedc24c12baf7) Importer(815301076,1909f56bfc062723c751e8b465ee728b)
Start importing Assets/Imports/Underwater/Sea creatures/Animator/Shark.controller using Guid(bba24a894ac75ea4bb3fedc24c12baf7) Importer(815301076,1909f56bfc062723c751e8b465ee728b)  -> (artifact id: '28a814ee0d2f1a26f877fe316ac6dcb2') in 0.026319 seconds
  Import took 0.029700 seconds .

========================================================================
Received Import Request.
  Time since last request: 127.550897 seconds.
  path: Assets/Imports/Underwater/Sea creatures/models/shark.fbx
  artifactKey: Guid(6f2c6250b145ef243b66e4c60802ffd9) Importer(815301076,1909f56bfc062723c751e8b465ee728b)
Start importing Assets/Imports/Underwater/Sea creatures/models/shark.fbx using Guid(6f2c6250b145ef243b66e4c60802ffd9) Importer(815301076,1909f56bfc062723c751e8b465ee728b)  -> (artifact id: 'b3dfc9fc584d49faf66d2cf771ea7f61') in 0.365263 seconds
  Import took 0.369357 seconds .

========================================================================
Received Prepare
Registering precompiled user dll's ...
Registered in 0.000891 seconds.
Begin MonoManager ReloadAssembly
Native extension for WindowsStandalone target not found
Refreshing native plugins compatible for Editor in 0.20 ms, found 0 plugins.
Preloading 0 native plugins for Editor in 0.00 ms.
Mono: successfully reloaded assembly
- Completed reload, in  0.695 seconds
Platform modules already initialized, skipping
Refreshing native plugins compatible for Editor in 0.20 ms, found 0 plugins.
Preloading 0 native plugins for Editor in 0.00 ms.
Unloading 1113 Unused Serialized files (Serialized files now loaded: 0)
System memory in use before: 74.3 MB.
System memory in use after: 74.3 MB.

Unloading 5 unused Assets to reduce memory usage. Loaded Objects now: 1627.
Total: 1.324600 ms (FindLiveObjects: 0.114300 ms CreateObjectMapping: 0.028700 ms MarkObjects: 1.137000 ms  DeleteObjects: 0.043600 ms)

========================================================================
Received Import Request.
  Time since last request: 163.619378 seconds.
  path: Assets/Imports/Underwater/Sea creatures/Animator/Shark.controller
  artifactKey: Guid(bba24a894ac75ea4bb3fedc24c12baf7) Importer(815301076,1909f56bfc062723c751e8b465ee728b)
Start importing Assets/Imports/Underwater/Sea creatures/Animator/Shark.controller using Guid(bba24a894ac75ea4bb3fedc24c12baf7) Importer(815301076,1909f56bfc062723c751e8b465ee728b)  -> (artifact id: 'ac35424ef8a90283865c0b548330cc5a') in 0.014775 seconds
  Import took 0.017029 seconds .

========================================================================
Received Prepare
Registering precompiled user dll's ...
Registered in 0.000956 seconds.
Begin MonoManager ReloadAssembly
Native extension for WindowsStandalone target not found
Refreshing native plugins compatible for Editor in 0.21 ms, found 0 plugins.
Preloading 0 native plugins for Editor in 0.00 ms.
Mono: successfully reloaded assembly
- Completed reload, in  0.694 seconds
Platform modules already initialized, skipping
Refreshing native plugins compatible for Editor in 0.22 ms, found 0 plugins.
Preloading 0 native plugins for Editor in 0.00 ms.
Unloading 1113 Unused Serialized files (Serialized files now loaded: 0)
System memory in use before: 74.3 MB.
System memory in use after: 74.3 MB.

Unloading 5 unused Assets to reduce memory usage. Loaded Objects now: 1630.
Total: 1.425300 ms (FindLiveObjects: 0.116800 ms CreateObjectMapping: 0.030000 ms MarkObjects: 1.237400 ms  DeleteObjects: 0.040200 ms)

========================================================================
Received Import Request.
  Time since last request: 409.083632 seconds.
  path: Assets/Imports/Underwater/Sea creatures/models/skat.fbx
  artifactKey: Guid(51492d3d8aeb2d7408fba8e0ba805227) Importer(815301076,1909f56bfc062723c751e8b465ee728b)
Start importing Assets/Imports/Underwater/Sea creatures/models/skat.fbx using Guid(51492d3d8aeb2d7408fba8e0ba805227) Importer(815301076,1909f56bfc062723c751e8b465ee728b)  -> (artifact id: 'f0cf3e358d75d1e097b4dba7cf1f9ce2') in 0.128556 seconds
  Import took 0.134510 seconds .

========================================================================
Received Import Request.
  Time since last request: 0.000228 seconds.
  path: Assets/Imports/Underwater/Sea creatures/models/turtle.fbx
  artifactKey: Guid(1f646d140e484714eb92b14c5c94a83d) Importer(815301076,1909f56bfc062723c751e8b465ee728b)
Start importing Assets/Imports/Underwater/Sea creatures/models/turtle.fbx using Guid(1f646d140e484714eb92b14c5c94a83d) Importer(815301076,1909f56bfc062723c751e8b465ee728b)  -> (artifact id: 'b6c6a037a86480a2868575ee3352c6a8') in 0.028780 seconds
  Import took 0.030910 seconds .

========================================================================
Received Import Request.
  Time since last request: 0.000204 seconds.
  path: Assets/Imports/Underwater/Sea creatures/models/skat.fbx
  artifactKey: Guid(51492d3d8aeb2d7408fba8e0ba805227) Importer(815301076,1909f56bfc062723c751e8b465ee728b)
Start importing Assets/Imports/Underwater/Sea creatures/models/skat.fbx using Guid(51492d3d8aeb2d7408fba8e0ba805227) Importer(815301076,1909f56bfc062723c751e8b465ee728b)  -> (artifact id: 'f0cf3e358d75d1e097b4dba7cf1f9ce2') in 0.022410 seconds
  Import took 0.024702 seconds .

========================================================================
Received Import Request.
  Time since last request: 0.000177 seconds.
  path: Assets/Imports/Underwater/Sea creatures/models/turtle.fbx
  artifactKey: Guid(1f646d140e484714eb92b14c5c94a83d) Importer(815301076,1909f56bfc062723c751e8b465ee728b)
Start importing Assets/Imports/Underwater/Sea creatures/models/turtle.fbx using Guid(1f646d140e484714eb92b14c5c94a83d) Importer(815301076,1909f56bfc062723c751e8b465ee728b)  -> (artifact id: 'b6c6a037a86480a2868575ee3352c6a8') in 0.025108 seconds
  Import took 0.027429 seconds .

========================================================================
Received Import Request.
  Time since last request: 53.852042 seconds.
  path: Assets/Scripts
  artifactKey: Guid(183b9ab2d61995e499fed43ca90afb94) Importer(815301076,1909f56bfc062723c751e8b465ee728b)
Start importing Assets/Scripts using Guid(183b9ab2d61995e499fed43ca90afb94) Importer(815301076,1909f56bfc062723c751e8b465ee728b)  -> (artifact id: 'd77026a36cce3d828a4a067697f6495d') in 0.007073 seconds
  Import took 0.008883 seconds .

========================================================================
Received Import Request.
  Time since last request: 9.749692 seconds.
  path: Assets/Scripts/MovePlayer.cs
  artifactKey: Guid(d2f6cb82ecd73d24daa14d2dab5de6b1) Importer(815301076,1909f56bfc062723c751e8b465ee728b)
Start importing Assets/Scripts/MovePlayer.cs using Guid(d2f6cb82ecd73d24daa14d2dab5de6b1) Importer(815301076,1909f56bfc062723c751e8b465ee728b)  -> (artifact id: 'da5cf553a9cbdbaab87715518985cadd') in 0.008854 seconds
  Import took 0.011628 seconds .

========================================================================
Received Prepare
Registering precompiled user dll's ...
Registered in 0.000923 seconds.
Begin MonoManager ReloadAssembly
Native extension for WindowsStandalone target not found
Refreshing native plugins compatible for Editor in 0.21 ms, found 0 plugins.
Preloading 0 native plugins for Editor in 0.00 ms.
Mono: successfully reloaded assembly
- Completed reload, in  0.820 seconds
Platform modules already initialized, skipping
Refreshing native plugins compatible for Editor in 0.21 ms, found 0 plugins.
Preloading 0 native plugins for Editor in 0.00 ms.
Unloading 1114 Unused Serialized files (Serialized files now loaded: 0)
System memory in use before: 74.3 MB.
System memory in use after: 74.4 MB.

Unloading 5 unused Assets to reduce memory usage. Loaded Objects now: 1635.
Total: 1.404800 ms (FindLiveObjects: 0.130400 ms CreateObjectMapping: 0.031700 ms MarkObjects: 1.195300 ms  DeleteObjects: 0.046400 ms)

========================================================================
Received Prepare
Registering precompiled user dll's ...
Registered in 0.000774 seconds.
Begin MonoManager ReloadAssembly
Native extension for WindowsStandalone target not found
Refreshing native plugins compatible for Editor in 0.22 ms, found 0 plugins.
Preloading 0 native plugins for Editor in 0.00 ms.
Mono: successfully reloaded assembly
- Completed reload, in  0.723 seconds
Platform modules already initialized, skipping
Refreshing native plugins compatible for Editor in 0.20 ms, found 0 plugins.
Preloading 0 native plugins for Editor in 0.00 ms.
Unloading 1114 Unused Serialized files (Serialized files now loaded: 0)
System memory in use before: 74.3 MB.
System memory in use after: 74.4 MB.

Unloading 5 unused Assets to reduce memory usage. Loaded Objects now: 1638.
Total: 1.287800 ms (FindLiveObjects: 0.114400 ms CreateObjectMapping: 0.027900 ms MarkObjects: 1.105500 ms  DeleteObjects: 0.038900 ms)

========================================================================
Received Import Request.
  Time since last request: 142.071249 seconds.
  path: Assets/Scripts/MovePlayer.cs
  artifactKey: Guid(d2f6cb82ecd73d24daa14d2dab5de6b1) Importer(815301076,1909f56bfc062723c751e8b465ee728b)
Start importing Assets/Scripts/MovePlayer.cs using Guid(d2f6cb82ecd73d24daa14d2dab5de6b1) Importer(815301076,1909f56bfc062723c751e8b465ee728b)  -> (artifact id: '8acd76a8a72ae7f256726346390b935a') in 0.004214 seconds
  Import took 0.005935 seconds .

========================================================================
Received Prepare
Registering precompiled user dll's ...
Registered in 0.000807 seconds.
Begin MonoManager ReloadAssembly
Native extension for WindowsStandalone target not found
Refreshing native plugins compatible for Editor in 0.22 ms, found 0 plugins.
Preloading 0 native plugins for Editor in 0.00 ms.
Mono: successfully reloaded assembly
- Completed reload, in  0.731 seconds
Platform modules already initialized, skipping
Refreshing native plugins compatible for Editor in 0.20 ms, found 0 plugins.
Preloading 0 native plugins for Editor in 0.00 ms.
Unloading 1114 Unused Serialized files (Serialized files now loaded: 0)
System memory in use before: 74.4 MB.
System memory in use after: 74.4 MB.

Unloading 5 unused Assets to reduce memory usage. Loaded Objects now: 1641.
Total: 1.337500 ms (FindLiveObjects: 0.119500 ms CreateObjectMapping: 0.028300 ms MarkObjects: 1.144700 ms  DeleteObjects: 0.044200 ms)

========================================================================
Received Prepare
Registering precompiled user dll's ...
Registered in 0.000810 seconds.
Begin MonoManager ReloadAssembly
Native extension for WindowsStandalone target not found
Refreshing native plugins compatible for Editor in 0.21 ms, found 0 plugins.
Preloading 0 native plugins for Editor in 0.00 ms.
Mono: successfully reloaded assembly
- Completed reload, in  0.706 seconds
Platform modules already initialized, skipping
Refreshing native plugins compatible for Editor in 0.20 ms, found 0 plugins.
Preloading 0 native plugins for Editor in 0.00 ms.
Unloading 1114 Unused Serialized files (Serialized files now loaded: 0)
System memory in use before: 74.4 MB.
System memory in use after: 74.4 MB.

Unloading 5 unused Assets to reduce memory usage. Loaded Objects now: 1644.
Total: 1.395800 ms (FindLiveObjects: 0.119300 ms CreateObjectMapping: 0.028800 ms MarkObjects: 1.207000 ms  DeleteObjects: 0.039800 ms)

========================================================================
Received Prepare
Registering precompiled user dll's ...
Registered in 0.000806 seconds.
Begin MonoManager ReloadAssembly
Native extension for WindowsStandalone target not found
Refreshing native plugins compatible for Editor in 0.20 ms, found 0 plugins.
Preloading 0 native plugins for Editor in 0.00 ms.
Mono: successfully reloaded assembly
- Completed reload, in  0.695 seconds
Platform modules already initialized, skipping
Refreshing native plugins compatible for Editor in 0.23 ms, found 0 plugins.
Preloading 0 native plugins for Editor in 0.00 ms.
Unloading 1114 Unused Serialized files (Serialized files now loaded: 0)
System memory in use before: 74.4 MB.
System memory in use after: 74.4 MB.

Unloading 5 unused Assets to reduce memory usage. Loaded Objects now: 1647.
Total: 1.389100 ms (FindLiveObjects: 0.118800 ms CreateObjectMapping: 0.029500 ms MarkObjects: 1.197700 ms  DeleteObjects: 0.042100 ms)

========================================================================
Received Prepare
Registering precompiled user dll's ...
Registered in 0.000829 seconds.
Begin MonoManager ReloadAssembly
Native extension for WindowsStandalone target not found
Refreshing native plugins compatible for Editor in 0.20 ms, found 0 plugins.
Preloading 0 native plugins for Editor in 0.00 ms.
Mono: successfully reloaded assembly
- Completed reload, in  0.715 seconds
Platform modules already initialized, skipping
Refreshing native plugins compatible for Editor in 0.20 ms, found 0 plugins.
Preloading 0 native plugins for Editor in 0.00 ms.
Unloading 1114 Unused Serialized files (Serialized files now loaded: 0)
System memory in use before: 74.4 MB.
System memory in use after: 74.4 MB.

Unloading 5 unused Assets to reduce memory usage. Loaded Objects now: 1650.
Total: 1.419000 ms (FindLiveObjects: 0.117100 ms CreateObjectMapping: 0.029100 ms MarkObjects: 1.230500 ms  DeleteObjects: 0.041400 ms)

========================================================================
Received Prepare
Registering precompiled user dll's ...
Registered in 0.000909 seconds.
Begin MonoManager ReloadAssembly
Native extension for WindowsStandalone target not found
Refreshing native plugins compatible for Editor in 0.20 ms, found 0 plugins.
Preloading 0 native plugins for Editor in 0.00 ms.
Mono: successfully reloaded assembly
- Completed reload, in  0.720 seconds
Platform modules already initialized, skipping
Refreshing native plugins compatible for Editor in 0.22 ms, found 0 plugins.
Preloading 0 native plugins for Editor in 0.00 ms.
Unloading 1114 Unused Serialized files (Serialized files now loaded: 0)
System memory in use before: 74.4 MB.
System memory in use after: 74.5 MB.

Unloading 5 unused Assets to reduce memory usage. Loaded Objects now: 1653.
Total: 1.404700 ms (FindLiveObjects: 0.118200 ms CreateObjectMapping: 0.028600 ms MarkObjects: 1.215500 ms  DeleteObjects: 0.041500 ms)

========================================================================
Received Prepare
Registering precompiled user dll's ...
Registered in 0.000976 seconds.
Begin MonoManager ReloadAssembly
Native extension for WindowsStandalone target not found
Refreshing native plugins compatible for Editor in 0.21 ms, found 0 plugins.
Preloading 0 native plugins for Editor in 0.00 ms.
Mono: successfully reloaded assembly
- Completed reload, in  0.748 seconds
Platform modules already initialized, skipping
Refreshing native plugins compatible for Editor in 0.20 ms, found 0 plugins.
Preloading 0 native plugins for Editor in 0.00 ms.
Unloading 1114 Unused Serialized files (Serialized files now loaded: 0)
System memory in use before: 74.4 MB.
System memory in use after: 74.5 MB.

Unloading 5 unused Assets to reduce memory usage. Loaded Objects now: 1656.
Total: 1.395300 ms (FindLiveObjects: 0.117000 ms CreateObjectMapping: 0.030600 ms MarkObjects: 1.205700 ms  DeleteObjects: 0.041000 ms)

========================================================================
Received Prepare
Registering precompiled user dll's ...
Registered in 0.000833 seconds.
Begin MonoManager ReloadAssembly
Native extension for WindowsStandalone target not found
Refreshing native plugins compatible for Editor in 0.21 ms, found 0 plugins.
Preloading 0 native plugins for Editor in 0.00 ms.
Mono: successfully reloaded assembly
- Completed reload, in  0.702 seconds
Platform modules already initialized, skipping
Refreshing native plugins compatible for Editor in 0.21 ms, found 0 plugins.
Preloading 0 native plugins for Editor in 0.00 ms.
Unloading 1114 Unused Serialized files (Serialized files now loaded: 0)
System memory in use before: 74.4 MB.
System memory in use after: 74.5 MB.

Unloading 5 unused Assets to reduce memory usage. Loaded Objects now: 1659.
Total: 1.343000 ms (FindLiveObjects: 0.135800 ms CreateObjectMapping: 0.031300 ms MarkObjects: 1.129700 ms  DeleteObjects: 0.045200 ms)

========================================================================
Received Prepare
Registering precompiled user dll's ...
Registered in 0.000847 seconds.
Begin MonoManager ReloadAssembly
Native extension for WindowsStandalone target not found
Refreshing native plugins compatible for Editor in 0.20 ms, found 0 plugins.
Preloading 0 native plugins for Editor in 0.00 ms.
Mono: successfully reloaded assembly
- Completed reload, in  0.734 seconds
Platform modules already initialized, skipping
Refreshing native plugins compatible for Editor in 0.29 ms, found 0 plugins.
Preloading 0 native plugins for Editor in 0.00 ms.
Unloading 1114 Unused Serialized files (Serialized files now loaded: 0)
System memory in use before: 74.4 MB.
System memory in use after: 74.5 MB.

Unloading 5 unused Assets to reduce memory usage. Loaded Objects now: 1662.
Total: 1.404000 ms (FindLiveObjects: 0.126800 ms CreateObjectMapping: 0.039800 ms MarkObjects: 1.190400 ms  DeleteObjects: 0.046000 ms)

========================================================================
Received Prepare
Registering precompiled user dll's ...
Registered in 0.000938 seconds.
Begin MonoManager ReloadAssembly
Native extension for WindowsStandalone target not found
Refreshing native plugins compatible for Editor in 0.30 ms, found 0 plugins.
Preloading 0 native plugins for Editor in 0.00 ms.
Mono: successfully reloaded assembly
- Completed reload, in  0.700 seconds
Platform modules already initialized, skipping
Refreshing native plugins compatible for Editor in 0.20 ms, found 0 plugins.
Preloading 0 native plugins for Editor in 0.00 ms.
Unloading 1114 Unused Serialized files (Serialized files now loaded: 0)
System memory in use before: 74.4 MB.
System memory in use after: 74.5 MB.

Unloading 5 unused Assets to reduce memory usage. Loaded Objects now: 1665.
Total: 1.441300 ms (FindLiveObjects: 0.127300 ms CreateObjectMapping: 0.032700 ms MarkObjects: 1.236200 ms  DeleteObjects: 0.044200 ms)

========================================================================
Received Prepare
Registering precompiled user dll's ...
Registered in 0.000906 seconds.
Begin MonoManager ReloadAssembly
Native extension for WindowsStandalone target not found
Refreshing native plugins compatible for Editor in 0.21 ms, found 0 plugins.
Preloading 0 native plugins for Editor in 0.00 ms.
Mono: successfully reloaded assembly
- Completed reload, in  0.763 seconds
Platform modules already initialized, skipping
Refreshing native plugins compatible for Editor in 0.20 ms, found 0 plugins.
Preloading 0 native plugins for Editor in 0.00 ms.
Unloading 1114 Unused Serialized files (Serialized files now loaded: 0)
System memory in use before: 74.4 MB.
System memory in use after: 74.5 MB.

Unloading 5 unused Assets to reduce memory usage. Loaded Objects now: 1668.
Total: 1.479100 ms (FindLiveObjects: 0.134200 ms CreateObjectMapping: 0.034900 ms MarkObjects: 1.268300 ms  DeleteObjects: 0.040900 ms)

========================================================================
Received Prepare
Registering precompiled user dll's ...
Registered in 0.000804 seconds.
Begin MonoManager ReloadAssembly
Native extension for WindowsStandalone target not found
Refreshing native plugins compatible for Editor in 0.20 ms, found 0 plugins.
Preloading 0 native plugins for Editor in 0.00 ms.
Mono: successfully reloaded assembly
- Completed reload, in  0.815 seconds
Platform modules already initialized, skipping
Refreshing native plugins compatible for Editor in 0.21 ms, found 0 plugins.
Preloading 0 native plugins for Editor in 0.00 ms.
Unloading 1114 Unused Serialized files (Serialized files now loaded: 0)
System memory in use before: 74.4 MB.
System memory in use after: 74.5 MB.

Unloading 5 unused Assets to reduce memory usage. Loaded Objects now: 1671.
Total: 1.408700 ms (FindLiveObjects: 0.132800 ms CreateObjectMapping: 0.034400 ms MarkObjects: 1.200800 ms  DeleteObjects: 0.039900 ms)

========================================================================
Received Prepare
Registering precompiled user dll's ...
Registered in 0.000852 seconds.
Begin MonoManager ReloadAssembly
Native extension for WindowsStandalone target not found
Refreshing native plugins compatible for Editor in 0.22 ms, found 0 plugins.
Preloading 0 native plugins for Editor in 0.00 ms.
Mono: successfully reloaded assembly
- Completed reload, in  0.786 seconds
Platform modules already initialized, skipping
Refreshing native plugins compatible for Editor in 0.20 ms, found 0 plugins.
Preloading 0 native plugins for Editor in 0.00 ms.
Unloading 1114 Unused Serialized files (Serialized files now loaded: 0)
System memory in use before: 74.4 MB.
System memory in use after: 74.5 MB.

Unloading 5 unused Assets to reduce memory usage. Loaded Objects now: 1674.
Total: 1.446900 ms (FindLiveObjects: 0.141500 ms CreateObjectMapping: 0.030100 ms MarkObjects: 1.207700 ms  DeleteObjects: 0.066600 ms)

========================================================================
Received Prepare
Registering precompiled user dll's ...
Registered in 0.001138 seconds.
Begin MonoManager ReloadAssembly
Native extension for WindowsStandalone target not found
Refreshing native plugins compatible for Editor in 0.20 ms, found 0 plugins.
Preloading 0 native plugins for Editor in 0.00 ms.
Mono: successfully reloaded assembly
- Completed reload, in  0.716 seconds
Platform modules already initialized, skipping
Refreshing native plugins compatible for Editor in 0.21 ms, found 0 plugins.
Preloading 0 native plugins for Editor in 0.00 ms.
Unloading 1114 Unused Serialized files (Serialized files now loaded: 0)
System memory in use before: 74.4 MB.
System memory in use after: 74.5 MB.

Unloading 5 unused Assets to reduce memory usage. Loaded Objects now: 1677.
Total: 1.643500 ms (FindLiveObjects: 0.146200 ms CreateObjectMapping: 0.034900 ms MarkObjects: 1.411100 ms  DeleteObjects: 0.050200 ms)

========================================================================
Received Prepare
Registering precompiled user dll's ...
Registered in 0.000809 seconds.
Begin MonoManager ReloadAssembly
Native extension for WindowsStandalone target not found
Refreshing native plugins compatible for Editor in 0.20 ms, found 0 plugins.
Preloading 0 native plugins for Editor in 0.00 ms.
Mono: successfully reloaded assembly
- Completed reload, in  0.781 seconds
Platform modules already initialized, skipping
Refreshing native plugins compatible for Editor in 0.21 ms, found 0 plugins.
Preloading 0 native plugins for Editor in 0.00 ms.
Unloading 1114 Unused Serialized files (Serialized files now loaded: 0)
System memory in use before: 74.4 MB.
System memory in use after: 74.5 MB.

Unloading 5 unused Assets to reduce memory usage. Loaded Objects now: 1680.
Total: 1.489000 ms (FindLiveObjects: 0.132100 ms CreateObjectMapping: 0.034600 ms MarkObjects: 1.276700 ms  DeleteObjects: 0.044600 ms)

========================================================================
Received Prepare
Registering precompiled user dll's ...
Registered in 0.000857 seconds.
Begin MonoManager ReloadAssembly
Native extension for WindowsStandalone target not found
Refreshing native plugins compatible for Editor in 0.24 ms, found 0 plugins.
Preloading 0 native plugins for Editor in 0.00 ms.
Mono: successfully reloaded assembly
- Completed reload, in  0.742 seconds
Platform modules already initialized, skipping
Refreshing native plugins compatible for Editor in 0.21 ms, found 0 plugins.
Preloading 0 native plugins for Editor in 0.00 ms.
Unloading 1114 Unused Serialized files (Serialized files now loaded: 0)
System memory in use before: 74.4 MB.
System memory in use after: 74.5 MB.

Unloading 5 unused Assets to reduce memory usage. Loaded Objects now: 1683.
Total: 1.392700 ms (FindLiveObjects: 0.117500 ms CreateObjectMapping: 0.029600 ms MarkObjects: 1.204700 ms  DeleteObjects: 0.039800 ms)

========================================================================
Received Prepare
Registering precompiled user dll's ...
Registered in 0.000817 seconds.
Begin MonoManager ReloadAssembly
Native extension for WindowsStandalone target not found
Refreshing native plugins compatible for Editor in 0.34 ms, found 0 plugins.
Preloading 0 native plugins for Editor in 0.00 ms.
Mono: successfully reloaded assembly
- Completed reload, in  0.749 seconds
Platform modules already initialized, skipping
Refreshing native plugins compatible for Editor in 0.21 ms, found 0 plugins.
Preloading 0 native plugins for Editor in 0.00 ms.
Unloading 1114 Unused Serialized files (Serialized files now loaded: 0)
System memory in use before: 74.4 MB.
System memory in use after: 74.5 MB.

Unloading 5 unused Assets to reduce memory usage. Loaded Objects now: 1686.
Total: 1.425900 ms (FindLiveObjects: 0.134500 ms CreateObjectMapping: 0.033000 ms MarkObjects: 1.209300 ms  DeleteObjects: 0.047700 ms)

========================================================================
Received Prepare
Registering precompiled user dll's ...
Registered in 0.000975 seconds.
Begin MonoManager ReloadAssembly
Native extension for WindowsStandalone target not found
Refreshing native plugins compatible for Editor in 0.21 ms, found 0 plugins.
Preloading 0 native plugins for Editor in 0.00 ms.
Mono: successfully reloaded assembly
- Completed reload, in  0.696 seconds
Platform modules already initialized, skipping
Refreshing native plugins compatible for Editor in 0.21 ms, found 0 plugins.
Preloading 0 native plugins for Editor in 0.00 ms.
Unloading 1114 Unused Serialized files (Serialized files now loaded: 0)
System memory in use before: 74.5 MB.
System memory in use after: 74.6 MB.

Unloading 5 unused Assets to reduce memory usage. Loaded Objects now: 1689.
Total: 1.466900 ms (FindLiveObjects: 0.134100 ms CreateObjectMapping: 0.034200 ms MarkObjects: 1.246600 ms  DeleteObjects: 0.051000 ms)

========================================================================
Received Prepare
Registering precompiled user dll's ...
Registered in 0.000847 seconds.
Begin MonoManager ReloadAssembly
Native extension for WindowsStandalone target not found
Refreshing native plugins compatible for Editor in 0.21 ms, found 0 plugins.
Preloading 0 native plugins for Editor in 0.00 ms.
Mono: successfully reloaded assembly
- Completed reload, in  0.746 seconds
Platform modules already initialized, skipping
Refreshing native plugins compatible for Editor in 0.20 ms, found 0 plugins.
Preloading 0 native plugins for Editor in 0.00 ms.
Unloading 1114 Unused Serialized files (Serialized files now loaded: 0)
System memory in use before: 74.5 MB.
System memory in use after: 74.6 MB.

Unloading 5 unused Assets to reduce memory usage. Loaded Objects now: 1692.
Total: 1.563000 ms (FindLiveObjects: 0.194400 ms CreateObjectMapping: 0.035500 ms MarkObjects: 1.288600 ms  DeleteObjects: 0.043200 ms)

========================================================================
Received Prepare
Registering precompiled user dll's ...
Registered in 0.000830 seconds.
Begin MonoManager ReloadAssembly
Native extension for WindowsStandalone target not found
Refreshing native plugins compatible for Editor in 0.20 ms, found 0 plugins.
Preloading 0 native plugins for Editor in 0.00 ms.
Mono: successfully reloaded assembly
- Completed reload, in  0.748 seconds
Platform modules already initialized, skipping
Refreshing native plugins compatible for Editor in 0.20 ms, found 0 plugins.
Preloading 0 native plugins for Editor in 0.00 ms.
Unloading 1114 Unused Serialized files (Serialized files now loaded: 0)
System memory in use before: 74.5 MB.
System memory in use after: 74.6 MB.

Unloading 5 unused Assets to reduce memory usage. Loaded Objects now: 1695.
Total: 1.479300 ms (FindLiveObjects: 0.136400 ms CreateObjectMapping: 0.043900 ms MarkObjects: 1.248500 ms  DeleteObjects: 0.049400 ms)

========================================================================
Received Prepare
Registering precompiled user dll's ...
Registered in 0.001043 seconds.
Begin MonoManager ReloadAssembly
Native extension for WindowsStandalone target not found
Refreshing native plugins compatible for Editor in 0.21 ms, found 0 plugins.
Preloading 0 native plugins for Editor in 0.00 ms.
Mono: successfully reloaded assembly
- Completed reload, in  0.730 seconds
Platform modules already initialized, skipping
Refreshing native plugins compatible for Editor in 0.25 ms, found 0 plugins.
Preloading 0 native plugins for Editor in 0.00 ms.
Unloading 1114 Unused Serialized files (Serialized files now loaded: 0)
System memory in use before: 74.5 MB.
System memory in use after: 74.6 MB.

Unloading 5 unused Assets to reduce memory usage. Loaded Objects now: 1698.
Total: 1.424200 ms (FindLiveObjects: 0.128000 ms CreateObjectMapping: 0.027900 ms MarkObjects: 1.220700 ms  DeleteObjects: 0.046400 ms)

========================================================================
Received Prepare
Registering precompiled user dll's ...
Registered in 0.001005 seconds.
Begin MonoManager ReloadAssembly
Native extension for WindowsStandalone target not found
Refreshing native plugins compatible for Editor in 0.24 ms, found 0 plugins.
Preloading 0 native plugins for Editor in 0.00 ms.
Mono: successfully reloaded assembly
- Completed reload, in  0.797 seconds
Platform modules already initialized, skipping
Refreshing native plugins compatible for Editor in 0.21 ms, found 0 plugins.
Preloading 0 native plugins for Editor in 0.00 ms.
Unloading 1114 Unused Serialized files (Serialized files now loaded: 0)
System memory in use before: 74.5 MB.
System memory in use after: 74.6 MB.

Unloading 5 unused Assets to reduce memory usage. Loaded Objects now: 1701.
Total: 1.421400 ms (FindLiveObjects: 0.133700 ms CreateObjectMapping: 0.034500 ms MarkObjects: 1.208200 ms  DeleteObjects: 0.043900 ms)

========================================================================
Received Prepare
Registering precompiled user dll's ...
Registered in 0.000809 seconds.
Begin MonoManager ReloadAssembly
Native extension for WindowsStandalone target not found
Refreshing native plugins compatible for Editor in 0.23 ms, found 0 plugins.
Preloading 0 native plugins for Editor in 0.00 ms.
Mono: successfully reloaded assembly
- Completed reload, in  0.775 seconds
Platform modules already initialized, skipping
Refreshing native plugins compatible for Editor in 0.23 ms, found 0 plugins.
Preloading 0 native plugins for Editor in 0.00 ms.
Unloading 1114 Unused Serialized files (Serialized files now loaded: 0)
System memory in use before: 74.5 MB.
System memory in use after: 74.6 MB.

Unloading 5 unused Assets to reduce memory usage. Loaded Objects now: 1704.
Total: 1.858700 ms (FindLiveObjects: 0.134800 ms CreateObjectMapping: 0.033400 ms MarkObjects: 1.628600 ms  DeleteObjects: 0.060500 ms)

========================================================================
Received Prepare
Registering precompiled user dll's ...
Registered in 0.000831 seconds.
Begin MonoManager ReloadAssembly
Native extension for WindowsStandalone target not found
Refreshing native plugins compatible for Editor in 0.21 ms, found 0 plugins.
Preloading 0 native plugins for Editor in 0.00 ms.
Mono: successfully reloaded assembly
- Completed reload, in  0.739 seconds
Platform modules already initialized, skipping
Refreshing native plugins compatible for Editor in 0.21 ms, found 0 plugins.
Preloading 0 native plugins for Editor in 0.00 ms.
Unloading 1114 Unused Serialized files (Serialized files now loaded: 0)
System memory in use before: 74.5 MB.
System memory in use after: 74.6 MB.

Unloading 5 unused Assets to reduce memory usage. Loaded Objects now: 1707.
Total: 1.412500 ms (FindLiveObjects: 0.129300 ms CreateObjectMapping: 0.031600 ms MarkObjects: 1.210600 ms  DeleteObjects: 0.040200 ms)

========================================================================
Received Prepare
Registering precompiled user dll's ...
Registered in 0.000780 seconds.
Begin MonoManager ReloadAssembly
Native extension for WindowsStandalone target not found
Refreshing native plugins compatible for Editor in 0.22 ms, found 0 plugins.
Preloading 0 native plugins for Editor in 0.00 ms.
Mono: successfully reloaded assembly
- Completed reload, in  0.765 seconds
Platform modules already initialized, skipping
Refreshing native plugins compatible for Editor in 0.20 ms, found 0 plugins.
Preloading 0 native plugins for Editor in 0.00 ms.
Unloading 1114 Unused Serialized files (Serialized files now loaded: 0)
System memory in use before: 74.5 MB.
System memory in use after: 74.6 MB.

Unloading 5 unused Assets to reduce memory usage. Loaded Objects now: 1710.
Total: 1.454300 ms (FindLiveObjects: 0.128000 ms CreateObjectMapping: 0.033300 ms MarkObjects: 1.248800 ms  DeleteObjects: 0.042900 ms)

========================================================================
Received Prepare
Registering precompiled user dll's ...
Registered in 0.000835 seconds.
Begin MonoManager ReloadAssembly
Native extension for WindowsStandalone target not found
Refreshing native plugins compatible for Editor in 0.20 ms, found 0 plugins.
Preloading 0 native plugins for Editor in 0.00 ms.
Mono: successfully reloaded assembly
- Completed reload, in  0.743 seconds
Platform modules already initialized, skipping
Refreshing native plugins compatible for Editor in 0.22 ms, found 0 plugins.
Preloading 0 native plugins for Editor in 0.00 ms.
Unloading 1114 Unused Serialized files (Serialized files now loaded: 0)
System memory in use before: 74.5 MB.
System memory in use after: 74.6 MB.

Unloading 5 unused Assets to reduce memory usage. Loaded Objects now: 1713.
Total: 1.504200 ms (FindLiveObjects: 0.136100 ms CreateObjectMapping: 0.032200 ms MarkObjects: 1.290100 ms  DeleteObjects: 0.044800 ms)

========================================================================
Received Import Request.
  Time since last request: 3036.393083 seconds.
  path: Assets/Scripts/ColliderScript.cs
  artifactKey: Guid(50c83db610f347c4c9eac325491768aa) Importer(815301076,1909f56bfc062723c751e8b465ee728b)
Start importing Assets/Scripts/ColliderScript.cs using Guid(50c83db610f347c4c9eac325491768aa) Importer(815301076,1909f56bfc062723c751e8b465ee728b)  -> (artifact id: 'f8b0ffc9a7abbeabfcd9c59aff22d326') in 0.023543 seconds
  Import took 0.031249 seconds .

========================================================================
Received Prepare
Registering precompiled user dll's ...
Registered in 0.000838 seconds.
Begin MonoManager ReloadAssembly
Native extension for WindowsStandalone target not found
Refreshing native plugins compatible for Editor in 0.22 ms, found 0 plugins.
Preloading 0 native plugins for Editor in 0.00 ms.
Mono: successfully reloaded assembly
- Completed reload, in  0.755 seconds
Platform modules already initialized, skipping
Refreshing native plugins compatible for Editor in 0.20 ms, found 0 plugins.
Preloading 0 native plugins for Editor in 0.00 ms.
Unloading 1115 Unused Serialized files (Serialized files now loaded: 0)
System memory in use before: 74.6 MB.
System memory in use after: 74.6 MB.

Unloading 5 unused Assets to reduce memory usage. Loaded Objects now: 1717.
Total: 1.442800 ms (FindLiveObjects: 0.126000 ms CreateObjectMapping: 0.031000 ms MarkObjects: 1.242400 ms  DeleteObjects: 0.042300 ms)

========================================================================
Received Prepare
Registering precompiled user dll's ...
Registered in 0.000835 seconds.
Begin MonoManager ReloadAssembly
Native extension for WindowsStandalone target not found
Refreshing native plugins compatible for Editor in 0.20 ms, found 0 plugins.
Preloading 0 native plugins for Editor in 0.00 ms.
Mono: successfully reloaded assembly
- Completed reload, in  0.755 seconds
Platform modules already initialized, skipping
Refreshing native plugins compatible for Editor in 0.20 ms, found 0 plugins.
Preloading 0 native plugins for Editor in 0.00 ms.
Unloading 1115 Unused Serialized files (Serialized files now loaded: 0)
System memory in use before: 74.6 MB.
System memory in use after: 74.6 MB.

Unloading 5 unused Assets to reduce memory usage. Loaded Objects now: 1720.
Total: 1.522600 ms (FindLiveObjects: 0.137700 ms CreateObjectMapping: 0.035400 ms MarkObjects: 1.298600 ms  DeleteObjects: 0.049200 ms)

========================================================================
Received Import Request.
  Time since last request: 22.116603 seconds.
  path: Assets/Scripts/ColliderScript.cs
  artifactKey: Guid(50c83db610f347c4c9eac325491768aa) Importer(815301076,1909f56bfc062723c751e8b465ee728b)
Start importing Assets/Scripts/ColliderScript.cs using Guid(50c83db610f347c4c9eac325491768aa) Importer(815301076,1909f56bfc062723c751e8b465ee728b)  -> (artifact id: '2e357d466f9baf45ac35dba9aede20f2') in 0.007085 seconds
  Import took 0.008752 seconds .

========================================================================
Received Import Request.
  Time since last request: 1.914090 seconds.
  path: Assets/Scripts/ColliderScript.cs
  artifactKey: Guid(50c83db610f347c4c9eac325491768aa) Importer(815301076,1909f56bfc062723c751e8b465ee728b)
Start importing Assets/Scripts/ColliderScript.cs using Guid(50c83db610f347c4c9eac325491768aa) Importer(815301076,1909f56bfc062723c751e8b465ee728b)  -> (artifact id: '2e357d466f9baf45ac35dba9aede20f2') in 0.002937 seconds
  Import took 0.005279 seconds .

========================================================================
Received Prepare
Registering precompiled user dll's ...
Registered in 0.000823 seconds.
Begin MonoManager ReloadAssembly
Native extension for WindowsStandalone target not found
Refreshing native plugins compatible for Editor in 0.21 ms, found 0 plugins.
Preloading 0 native plugins for Editor in 0.00 ms.
Mono: successfully reloaded assembly
- Completed reload, in  0.721 seconds
Platform modules already initialized, skipping
Refreshing native plugins compatible for Editor in 0.20 ms, found 0 plugins.
Preloading 0 native plugins for Editor in 0.00 ms.
Unloading 1115 Unused Serialized files (Serialized files now loaded: 0)
System memory in use before: 74.6 MB.
System memory in use after: 74.6 MB.

Unloading 5 unused Assets to reduce memory usage. Loaded Objects now: 1723.
Total: 1.898400 ms (FindLiveObjects: 0.120200 ms CreateObjectMapping: 0.031300 ms MarkObjects: 1.692500 ms  DeleteObjects: 0.053200 ms)

========================================================================
Received Prepare
Registering precompiled user dll's ...
Registered in 0.000981 seconds.
Begin MonoManager ReloadAssembly
Native extension for WindowsStandalone target not found
Refreshing native plugins compatible for Editor in 0.20 ms, found 0 plugins.
Preloading 0 native plugins for Editor in 0.00 ms.
Mono: successfully reloaded assembly
- Completed reload, in  0.682 seconds
Platform modules already initialized, skipping
Refreshing native plugins compatible for Editor in 0.21 ms, found 0 plugins.
Preloading 0 native plugins for Editor in 0.00 ms.
Unloading 1115 Unused Serialized files (Serialized files now loaded: 0)
System memory in use before: 74.6 MB.
System memory in use after: 74.6 MB.

Unloading 5 unused Assets to reduce memory usage. Loaded Objects now: 1726.
Total: 1.457200 ms (FindLiveObjects: 0.145500 ms CreateObjectMapping: 0.032500 ms MarkObjects: 1.229200 ms  DeleteObjects: 0.048800 ms)

========================================================================
Received Import Request.
  Time since last request: 140.307153 seconds.
  path: Assets/Prefabs
  artifactKey: Guid(f218b10069ae61a4b8007c1a137884b3) Importer(815301076,1909f56bfc062723c751e8b465ee728b)
Start importing Assets/Prefabs using Guid(f218b10069ae61a4b8007c1a137884b3) Importer(815301076,1909f56bfc062723c751e8b465ee728b)  -> (artifact id: '79bbc9428a9f25f0b1495ad98467a754') in 0.008423 seconds
  Import took 0.010778 seconds .

========================================================================
Received Import Request.
  Time since last request: 55.975131 seconds.
  path: Assets/Prefabs/BlueBubble.prefab
  artifactKey: Guid(cc142f74ddff5a84e8d0fa4f8be1d627) Importer(815301076,1909f56bfc062723c751e8b465ee728b)
Start importing Assets/Prefabs/BlueBubble.prefab using Guid(cc142f74ddff5a84e8d0fa4f8be1d627) Importer(815301076,1909f56bfc062723c751e8b465ee728b)  -> (artifact id: 'eddf645747f5de2f9c119ecd2805072f') in 0.115008 seconds
  Import took 0.117458 seconds .

========================================================================
Received Import Request.
  Time since last request: 9.346752 seconds.
  path: Assets/Materials
  artifactKey: Guid(3b57693857cc80040a870c369d6d1f2f) Importer(815301076,1909f56bfc062723c751e8b465ee728b)
Start importing Assets/Materials using Guid(3b57693857cc80040a870c369d6d1f2f) Importer(815301076,1909f56bfc062723c751e8b465ee728b)  -> (artifact id: '2af7a32a59f0822049ffc0d0a3dcfb64') in 0.008986 seconds
  Import took 0.011425 seconds .

========================================================================
Received Import Request.
  Time since last request: 17.710734 seconds.
  path: Assets/Materials/bluebubble.mat
  artifactKey: Guid(c9cbf439d9d951843a5b90f556842422) Importer(815301076,1909f56bfc062723c751e8b465ee728b)
Start importing Assets/Materials/bluebubble.mat using Guid(c9cbf439d9d951843a5b90f556842422) Importer(815301076,1909f56bfc062723c751e8b465ee728b)  -> (artifact id: 'eee9124523fe3731506fe36dc457c657') in 0.046445 seconds
  Import took 0.049099 seconds .

========================================================================
Received Import Request.
  Time since last request: 130.165921 seconds.
  path: Assets/Materials/bluebubble.mat
  artifactKey: Guid(c9cbf439d9d951843a5b90f556842422) Importer(815301076,1909f56bfc062723c751e8b465ee728b)
Start importing Assets/Materials/bluebubble.mat using Guid(c9cbf439d9d951843a5b90f556842422) Importer(815301076,1909f56bfc062723c751e8b465ee728b)  -> (artifact id: '1f47c1700261cd7c8fe3f00932906561') in 0.034042 seconds
  Import took 0.036169 seconds .

========================================================================
Received Import Request.
  Time since last request: 6.141850 seconds.
  path: Assets/Materials/redbubble.mat
  artifactKey: Guid(2b4ba2974c5ceef42977b438b191ad49) Importer(815301076,1909f56bfc062723c751e8b465ee728b)
Start importing Assets/Materials/redbubble.mat using Guid(2b4ba2974c5ceef42977b438b191ad49) Importer(815301076,1909f56bfc062723c751e8b465ee728b)  -> (artifact id: 'd3e731a6a7712c66f80046de5b98cb54') in 0.015877 seconds
  Import took 0.018063 seconds .

========================================================================
Received Import Request.
  Time since last request: 33.904505 seconds.
  path: Assets/Prefabs/BlueBubble.prefab
  artifactKey: Guid(cc142f74ddff5a84e8d0fa4f8be1d627) Importer(815301076,1909f56bfc062723c751e8b465ee728b)
Start importing Assets/Prefabs/BlueBubble.prefab using Guid(cc142f74ddff5a84e8d0fa4f8be1d627) Importer(815301076,1909f56bfc062723c751e8b465ee728b)  -> (artifact id: '1286f2119a7709b9dd5d42705a9948d1') in 0.015196 seconds
  Import took 0.016911 seconds .

========================================================================
Received Import Request.
  Time since last request: 5.866955 seconds.
  path: Assets/Prefabs/RedBubble Variant.prefab
  artifactKey: Guid(be34ecb75b61ade439c3344957e1df3f) Importer(815301076,1909f56bfc062723c751e8b465ee728b)
Start importing Assets/Prefabs/RedBubble Variant.prefab using Guid(be34ecb75b61ade439c3344957e1df3f) Importer(815301076,1909f56bfc062723c751e8b465ee728b)  -> (artifact id: '0515bc39e85809e68986ae948d13eec1') in 0.019459 seconds
  Import took 0.021705 seconds .

========================================================================
Received Import Request.
  Time since last request: 5.681113 seconds.
  path: Assets/Prefabs/BlueBubble 1.prefab
  artifactKey: Guid(eb2842d95040ad140b45dca587bd2242) Importer(815301076,1909f56bfc062723c751e8b465ee728b)
Start importing Assets/Prefabs/BlueBubble 1.prefab using Guid(eb2842d95040ad140b45dca587bd2242) Importer(815301076,1909f56bfc062723c751e8b465ee728b)  -> (artifact id: 'f30ff0726d8f07d40580354b073e47b5') in 0.015395 seconds
  Import took 0.017656 seconds .

========================================================================
Received Import Request.
  Time since last request: 5.620445 seconds.
  path: Assets/Prefabs/RedBubble.prefab
  artifactKey: Guid(eb2842d95040ad140b45dca587bd2242) Importer(815301076,1909f56bfc062723c751e8b465ee728b)
Start importing Assets/Prefabs/RedBubble.prefab using Guid(eb2842d95040ad140b45dca587bd2242) Importer(815301076,1909f56bfc062723c751e8b465ee728b)  -> (artifact id: '10393929ff121d84e53706d74bef9e5f') in 0.018940 seconds
  Import took 0.022195 seconds .

========================================================================
Received Import Request.
  Time since last request: 6.580141 seconds.
  path: Assets/Materials/redbubble.mat
  artifactKey: Guid(2b4ba2974c5ceef42977b438b191ad49) Importer(815301076,1909f56bfc062723c751e8b465ee728b)
Start importing Assets/Materials/redbubble.mat using Guid(2b4ba2974c5ceef42977b438b191ad49) Importer(815301076,1909f56bfc062723c751e8b465ee728b)  -> (artifact id: '4295e047777bfeef3c7b12386f3f1551') in 0.013689 seconds
  Import took 0.015829 seconds .

========================================================================
Received Import Request.
  Time since last request: 1.890924 seconds.
  path: Assets/Prefabs/RedBubble.prefab
  artifactKey: Guid(eb2842d95040ad140b45dca587bd2242) Importer(815301076,1909f56bfc062723c751e8b465ee728b)
Start importing Assets/Prefabs/RedBubble.prefab using Guid(eb2842d95040ad140b45dca587bd2242) Importer(815301076,1909f56bfc062723c751e8b465ee728b)  -> (artifact id: '4bf51c0f33f8d551045290418758bff4') in 0.018587 seconds
  Import took 0.021035 seconds .

========================================================================
Received Import Request.
  Time since last request: 37.061078 seconds.
  path: Assets/Scripts/MovePlayer.cs
  artifactKey: Guid(d2f6cb82ecd73d24daa14d2dab5de6b1) Importer(815301076,1909f56bfc062723c751e8b465ee728b)
Start importing Assets/Scripts/MovePlayer.cs using Guid(d2f6cb82ecd73d24daa14d2dab5de6b1) Importer(815301076,1909f56bfc062723c751e8b465ee728b)  -> (artifact id: 'b4d138ab9f617d640d28afe2b4118787') in 0.007113 seconds
  Import took 0.009031 seconds .

========================================================================
Received Import Request.
  Time since last request: 0.001790 seconds.
  path: Assets/Scripts/MovePlayer.cs
  artifactKey: Guid(d2f6cb82ecd73d24daa14d2dab5de6b1) Importer(815301076,1909f56bfc062723c751e8b465ee728b)
Start importing Assets/Scripts/MovePlayer.cs using Guid(d2f6cb82ecd73d24daa14d2dab5de6b1) Importer(815301076,1909f56bfc062723c751e8b465ee728b)  -> (artifact id: 'b4d138ab9f617d640d28afe2b4118787') in 0.003577 seconds
  Import took 0.005478 seconds .

========================================================================
Received Prepare
Registering precompiled user dll's ...
Registered in 0.000817 seconds.
Begin MonoManager ReloadAssembly
Native extension for WindowsStandalone target not found
Refreshing native plugins compatible for Editor in 0.20 ms, found 0 plugins.
Preloading 0 native plugins for Editor in 0.00 ms.
Mono: successfully reloaded assembly
- Completed reload, in  0.794 seconds
Platform modules already initialized, skipping
Refreshing native plugins compatible for Editor in 0.22 ms, found 0 plugins.
Preloading 0 native plugins for Editor in 0.00 ms.
Unloading 1114 Unused Serialized files (Serialized files now loaded: 0)
System memory in use before: 74.7 MB.
System memory in use after: 74.8 MB.

Unloading 7 unused Assets to reduce memory usage. Loaded Objects now: 1740.
Total: 1.377600 ms (FindLiveObjects: 0.127500 ms CreateObjectMapping: 0.032500 ms MarkObjects: 1.169600 ms  DeleteObjects: 0.046800 ms)

========================================================================
Received Import Request.
  Time since last request: 19.833958 seconds.
  path: Assets/Scripts/BubbleScript.cs
  artifactKey: Guid(edb76606b96bc4c4cbf3474cc3eed6ae) Importer(815301076,1909f56bfc062723c751e8b465ee728b)
Start importing Assets/Scripts/BubbleScript.cs using Guid(edb76606b96bc4c4cbf3474cc3eed6ae) Importer(815301076,1909f56bfc062723c751e8b465ee728b)  -> (artifact id: 'f1b97e4bb6d990f42ff221eb6e565d03') in 0.018872 seconds
  Import took 0.021844 seconds .

========================================================================
Received Prepare
Registering precompiled user dll's ...
Registered in 0.000805 seconds.
Begin MonoManager ReloadAssembly
Native extension for WindowsStandalone target not found
Refreshing native plugins compatible for Editor in 0.20 ms, found 0 plugins.
Preloading 0 native plugins for Editor in 0.00 ms.
Mono: successfully reloaded assembly
- Completed reload, in  0.813 seconds
Platform modules already initialized, skipping
Refreshing native plugins compatible for Editor in 0.22 ms, found 0 plugins.
Preloading 0 native plugins for Editor in 0.00 ms.
Unloading 1115 Unused Serialized files (Serialized files now loaded: 0)
System memory in use before: 74.7 MB.
System memory in use after: 74.8 MB.

Unloading 5 unused Assets to reduce memory usage. Loaded Objects now: 1744.
Total: 1.602000 ms (FindLiveObjects: 0.149100 ms CreateObjectMapping: 0.035500 ms MarkObjects: 1.358500 ms  DeleteObjects: 0.057300 ms)

========================================================================
Received Prepare
Registering precompiled user dll's ...
Registered in 0.000809 seconds.
Begin MonoManager ReloadAssembly
Native extension for WindowsStandalone target not found
Refreshing native plugins compatible for Editor in 0.21 ms, found 0 plugins.
Preloading 0 native plugins for Editor in 0.00 ms.
Mono: successfully reloaded assembly
- Completed reload, in  0.810 seconds
Platform modules already initialized, skipping
Refreshing native plugins compatible for Editor in 0.21 ms, found 0 plugins.
Preloading 0 native plugins for Editor in 0.00 ms.
Unloading 1115 Unused Serialized files (Serialized files now loaded: 0)
System memory in use before: 74.7 MB.
System memory in use after: 74.8 MB.

Unloading 5 unused Assets to reduce memory usage. Loaded Objects now: 1747.
Total: 1.479500 ms (FindLiveObjects: 0.137400 ms CreateObjectMapping: 0.033700 ms MarkObjects: 1.260000 ms  DeleteObjects: 0.047300 ms)

========================================================================
Received Import Request.
  Time since last request: 213.673148 seconds.
  path: ProjectSettings/TagManager.asset
  artifactKey: Guid(00000000000000003000000000000000) Importer(815301076,1909f56bfc062723c751e8b465ee728b)
Start importing ProjectSettings/TagManager.asset using Guid(00000000000000003000000000000000) Importer(815301076,1909f56bfc062723c751e8b465ee728b)  -> (artifact id: 'ce6a35c3cddc746e7501c0bd0ed6d4ce') in 0.018709 seconds
  Import took 0.020602 seconds .

========================================================================
Received Prepare
Registering precompiled user dll's ...
Registered in 0.000832 seconds.
Begin MonoManager ReloadAssembly
Native extension for WindowsStandalone target not found
Refreshing native plugins compatible for Editor in 0.21 ms, found 0 plugins.
Preloading 0 native plugins for Editor in 0.00 ms.
Mono: successfully reloaded assembly
- Completed reload, in  0.798 seconds
Platform modules already initialized, skipping
Refreshing native plugins compatible for Editor in 0.25 ms, found 0 plugins.
Preloading 0 native plugins for Editor in 0.00 ms.
Unloading 1128 Unused Serialized files (Serialized files now loaded: 0)
System memory in use before: 76.7 MB.
System memory in use after: 76.1 MB.

Unloading 19 unused Assets to reduce memory usage. Loaded Objects now: 1750.
Total: 1.582600 ms (FindLiveObjects: 0.130100 ms CreateObjectMapping: 0.029700 ms MarkObjects: 1.169600 ms  DeleteObjects: 0.252400 ms)

========================================================================
Received Prepare
Registering precompiled user dll's ...
Registered in 0.000744 seconds.
Begin MonoManager ReloadAssembly
Native extension for WindowsStandalone target not found
Refreshing native plugins compatible for Editor in 0.20 ms, found 0 plugins.
Preloading 0 native plugins for Editor in 0.00 ms.
Mono: successfully reloaded assembly
- Completed reload, in  0.744 seconds
Platform modules already initialized, skipping
Refreshing native plugins compatible for Editor in 0.21 ms, found 0 plugins.
Preloading 0 native plugins for Editor in 0.00 ms.
Unloading 1128 Unused Serialized files (Serialized files now loaded: 0)
System memory in use before: 76.7 MB.
System memory in use after: 76.1 MB.

Unloading 18 unused Assets to reduce memory usage. Loaded Objects now: 1753.
Total: 1.786200 ms (FindLiveObjects: 0.144000 ms CreateObjectMapping: 0.034400 ms MarkObjects: 1.319200 ms  DeleteObjects: 0.287400 ms)

========================================================================
Received Prepare
Registering precompiled user dll's ...
Registered in 0.001254 seconds.
Begin MonoManager ReloadAssembly
Native extension for WindowsStandalone target not found
Refreshing native plugins compatible for Editor in 0.21 ms, found 0 plugins.
Preloading 0 native plugins for Editor in 0.00 ms.
Mono: successfully reloaded assembly
- Completed reload, in  0.734 seconds
Platform modules already initialized, skipping
Refreshing native plugins compatible for Editor in 0.21 ms, found 0 plugins.
Preloading 0 native plugins for Editor in 0.00 ms.
Unloading 1128 Unused Serialized files (Serialized files now loaded: 0)
System memory in use before: 76.7 MB.
System memory in use after: 76.1 MB.

Unloading 18 unused Assets to reduce memory usage. Loaded Objects now: 1756.
Total: 1.619500 ms (FindLiveObjects: 0.149500 ms CreateObjectMapping: 0.035700 ms MarkObjects: 1.155300 ms  DeleteObjects: 0.278100 ms)

========================================================================
Received Prepare
Registering precompiled user dll's ...
Registered in 0.000792 seconds.
Begin MonoManager ReloadAssembly
Native extension for WindowsStandalone target not found
Refreshing native plugins compatible for Editor in 0.22 ms, found 0 plugins.
Preloading 0 native plugins for Editor in 0.00 ms.
Mono: successfully reloaded assembly
- Completed reload, in  0.752 seconds
Platform modules already initialized, skipping
Refreshing native plugins compatible for Editor in 0.23 ms, found 0 plugins.
Preloading 0 native plugins for Editor in 0.00 ms.
Unloading 1128 Unused Serialized files (Serialized files now loaded: 0)
System memory in use before: 76.7 MB.
System memory in use after: 76.1 MB.

Unloading 18 unused Assets to reduce memory usage. Loaded Objects now: 1759.
Total: 2.240300 ms (FindLiveObjects: 0.261600 ms CreateObjectMapping: 0.056700 ms MarkObjects: 1.599600 ms  DeleteObjects: 0.320300 ms)

========================================================================
Received Import Request.
  Time since last request: 1296.564309 seconds.
  path: Assets/Prefabs/BlueBubble.prefab
  artifactKey: Guid(cc142f74ddff5a84e8d0fa4f8be1d627) Importer(815301076,1909f56bfc062723c751e8b465ee728b)
Start importing Assets/Prefabs/BlueBubble.prefab using Guid(cc142f74ddff5a84e8d0fa4f8be1d627) Importer(815301076,1909f56bfc062723c751e8b465ee728b)  -> (artifact id: 'ad844d48fbb4097354acff71af40ab3c') in 0.060101 seconds
  Import took 0.062592 seconds .

========================================================================
Received Import Request.
  Time since last request: 0.000229 seconds.
  path: Assets/Prefabs/RedBubble.prefab
  artifactKey: Guid(eb2842d95040ad140b45dca587bd2242) Importer(815301076,1909f56bfc062723c751e8b465ee728b)
Start importing Assets/Prefabs/RedBubble.prefab using Guid(eb2842d95040ad140b45dca587bd2242) Importer(815301076,1909f56bfc062723c751e8b465ee728b)  -> (artifact id: '3c6e6418749ff3f623bbf09852082bf2') in 0.018538 seconds
  Import took 0.021304 seconds .

========================================================================
Received Import Request.
  Time since last request: 155.888794 seconds.
  path: Assets/Prefabs/BlueBubble.prefab
  artifactKey: Guid(cc142f74ddff5a84e8d0fa4f8be1d627) Importer(815301076,1909f56bfc062723c751e8b465ee728b)
Start importing Assets/Prefabs/BlueBubble.prefab using Guid(cc142f74ddff5a84e8d0fa4f8be1d627) Importer(815301076,1909f56bfc062723c751e8b465ee728b)  -> (artifact id: 'f6ad12e592022065bcbb0e81aa3b508e') in 0.030732 seconds
  Import took 0.033307 seconds .

========================================================================
Received Import Request.
  Time since last request: 10.219514 seconds.
  path: Assets/Prefabs/RedBubble.prefab
  artifactKey: Guid(eb2842d95040ad140b45dca587bd2242) Importer(815301076,1909f56bfc062723c751e8b465ee728b)
Start importing Assets/Prefabs/RedBubble.prefab using Guid(eb2842d95040ad140b45dca587bd2242) Importer(815301076,1909f56bfc062723c751e8b465ee728b)  -> (artifact id: 'bbdcad81ca21f6b87d82b58568449999') in 0.028517 seconds
  Import took 0.030709 seconds .

========================================================================
Received Prepare
Registering precompiled user dll's ...
Registered in 0.000849 seconds.
Begin MonoManager ReloadAssembly
Native extension for WindowsStandalone target not found
Refreshing native plugins compatible for Editor in 0.22 ms, found 0 plugins.
Preloading 0 native plugins for Editor in 0.00 ms.
Mono: successfully reloaded assembly
- Completed reload, in  0.770 seconds
Platform modules already initialized, skipping
Refreshing native plugins compatible for Editor in 0.20 ms, found 0 plugins.
Preloading 0 native plugins for Editor in 0.00 ms.
Unloading 1128 Unused Serialized files (Serialized files now loaded: 0)
System memory in use before: 76.7 MB.
System memory in use after: 76.1 MB.

Unloading 18 unused Assets to reduce memory usage. Loaded Objects now: 1763.
Total: 1.921200 ms (FindLiveObjects: 0.142900 ms CreateObjectMapping: 0.030900 ms MarkObjects: 1.394000 ms  DeleteObjects: 0.352100 ms)

========================================================================
Received Prepare
Registering precompiled user dll's ...
Registered in 0.000895 seconds.
Begin MonoManager ReloadAssembly
Native extension for WindowsStandalone target not found
Refreshing native plugins compatible for Editor in 0.22 ms, found 0 plugins.
Preloading 0 native plugins for Editor in 0.00 ms.
Mono: successfully reloaded assembly
- Completed reload, in  0.723 seconds
Platform modules already initialized, skipping
Refreshing native plugins compatible for Editor in 0.20 ms, found 0 plugins.
Preloading 0 native plugins for Editor in 0.00 ms.
Unloading 1128 Unused Serialized files (Serialized files now loaded: 0)
System memory in use before: 76.7 MB.
System memory in use after: 76.1 MB.

Unloading 18 unused Assets to reduce memory usage. Loaded Objects now: 1766.
Total: 1.798000 ms (FindLiveObjects: 0.171400 ms CreateObjectMapping: 0.039400 ms MarkObjects: 1.306000 ms  DeleteObjects: 0.280400 ms)

========================================================================
Received Prepare
Registering precompiled user dll's ...
Registered in 0.000827 seconds.
Begin MonoManager ReloadAssembly
Native extension for WindowsStandalone target not found
Refreshing native plugins compatible for Editor in 0.22 ms, found 0 plugins.
Preloading 0 native plugins for Editor in 0.00 ms.
Mono: successfully reloaded assembly
- Completed reload, in  0.745 seconds
Platform modules already initialized, skipping
Refreshing native plugins compatible for Editor in 0.36 ms, found 0 plugins.
Preloading 0 native plugins for Editor in 0.00 ms.
Unloading 1128 Unused Serialized files (Serialized files now loaded: 0)
System memory in use before: 76.7 MB.
System memory in use after: 76.1 MB.

Unloading 18 unused Assets to reduce memory usage. Loaded Objects now: 1769.
Total: 1.723300 ms (FindLiveObjects: 0.143000 ms CreateObjectMapping: 0.035800 ms MarkObjects: 1.254300 ms  DeleteObjects: 0.289200 ms)

========================================================================
Received Prepare
Registering precompiled user dll's ...
Registered in 0.000813 seconds.
Begin MonoManager ReloadAssembly
Native extension for WindowsStandalone target not found
Refreshing native plugins compatible for Editor in 0.32 ms, found 0 plugins.
Preloading 0 native plugins for Editor in 0.00 ms.
Mono: successfully reloaded assembly
- Completed reload, in  0.747 seconds
Platform modules already initialized, skipping
Refreshing native plugins compatible for Editor in 0.20 ms, found 0 plugins.
Preloading 0 native plugins for Editor in 0.00 ms.
Unloading 1128 Unused Serialized files (Serialized files now loaded: 0)
System memory in use before: 76.7 MB.
System memory in use after: 76.1 MB.

Unloading 18 unused Assets to reduce memory usage. Loaded Objects now: 1772.
Total: 1.787900 ms (FindLiveObjects: 0.151500 ms CreateObjectMapping: 0.044500 ms MarkObjects: 1.302900 ms  DeleteObjects: 0.288000 ms)

========================================================================
Received Prepare
Registering precompiled user dll's ...
Registered in 0.000815 seconds.
Begin MonoManager ReloadAssembly
Native extension for WindowsStandalone target not found
Refreshing native plugins compatible for Editor in 0.27 ms, found 0 plugins.
Preloading 0 native plugins for Editor in 0.00 ms.
Mono: successfully reloaded assembly
- Completed reload, in  0.802 seconds
Platform modules already initialized, skipping
Refreshing native plugins compatible for Editor in 0.22 ms, found 0 plugins.
Preloading 0 native plugins for Editor in 0.00 ms.
Unloading 1128 Unused Serialized files (Serialized files now loaded: 0)
System memory in use before: 76.7 MB.
System memory in use after: 76.2 MB.

Unloading 18 unused Assets to reduce memory usage. Loaded Objects now: 1775.
Total: 3.284100 ms (FindLiveObjects: 0.174500 ms CreateObjectMapping: 0.037000 ms MarkObjects: 1.642700 ms  DeleteObjects: 1.427600 ms)

========================================================================
Received Prepare
Registering precompiled user dll's ...
Registered in 0.001602 seconds.
Begin MonoManager ReloadAssembly
Native extension for WindowsStandalone target not found
Refreshing native plugins compatible for Editor in 0.47 ms, found 0 plugins.
Preloading 0 native plugins for Editor in 0.00 ms.
Mono: successfully reloaded assembly
- Completed reload, in  0.793 seconds
Platform modules already initialized, skipping
Refreshing native plugins compatible for Editor in 0.20 ms, found 0 plugins.
Preloading 0 native plugins for Editor in 0.00 ms.
Unloading 1128 Unused Serialized files (Serialized files now loaded: 0)
System memory in use before: 76.7 MB.
System memory in use after: 76.2 MB.

Unloading 18 unused Assets to reduce memory usage. Loaded Objects now: 1778.
Total: 1.903000 ms (FindLiveObjects: 0.152800 ms CreateObjectMapping: 0.031900 ms MarkObjects: 1.395900 ms  DeleteObjects: 0.321000 ms)

========================================================================
Received Prepare
Registering precompiled user dll's ...
Registered in 0.000759 seconds.
Begin MonoManager ReloadAssembly
Native extension for WindowsStandalone target not found
Refreshing native plugins compatible for Editor in 0.20 ms, found 0 plugins.
Preloading 0 native plugins for Editor in 0.00 ms.
Mono: successfully reloaded assembly
- Completed reload, in  0.708 seconds
Platform modules already initialized, skipping
Refreshing native plugins compatible for Editor in 0.33 ms, found 0 plugins.
Preloading 0 native plugins for Editor in 0.00 ms.
Unloading 1128 Unused Serialized files (Serialized files now loaded: 0)
System memory in use before: 76.8 MB.
System memory in use after: 76.3 MB.

Unloading 18 unused Assets to reduce memory usage. Loaded Objects now: 1781.
Total: 1.767600 ms (FindLiveObjects: 0.138100 ms CreateObjectMapping: 0.050300 ms MarkObjects: 1.291500 ms  DeleteObjects: 0.286700 ms)

========================================================================
Received Prepare
Registering precompiled user dll's ...
Registered in 0.001225 seconds.
Begin MonoManager ReloadAssembly
Native extension for WindowsStandalone target not found
Refreshing native plugins compatible for Editor in 0.21 ms, found 0 plugins.
Preloading 0 native plugins for Editor in 0.00 ms.
Mono: successfully reloaded assembly
- Completed reload, in  0.762 seconds
Platform modules already initialized, skipping
Refreshing native plugins compatible for Editor in 0.20 ms, found 0 plugins.
Preloading 0 native plugins for Editor in 0.00 ms.
Unloading 1128 Unused Serialized files (Serialized files now loaded: 0)
System memory in use before: 76.8 MB.
System memory in use after: 76.3 MB.

Unloading 18 unused Assets to reduce memory usage. Loaded Objects now: 1784.
Total: 1.630800 ms (FindLiveObjects: 0.147100 ms CreateObjectMapping: 0.033000 ms MarkObjects: 1.168300 ms  DeleteObjects: 0.281600 ms)

========================================================================
Received Prepare
Registering precompiled user dll's ...
Registered in 0.000789 seconds.
Begin MonoManager ReloadAssembly
Native extension for WindowsStandalone target not found
Refreshing native plugins compatible for Editor in 0.20 ms, found 0 plugins.
Preloading 0 native plugins for Editor in 0.00 ms.
Mono: successfully reloaded assembly
- Completed reload, in  0.740 seconds
Platform modules already initialized, skipping
Refreshing native plugins compatible for Editor in 0.25 ms, found 0 plugins.
Preloading 0 native plugins for Editor in 0.00 ms.
Unloading 1128 Unused Serialized files (Serialized files now loaded: 0)
System memory in use before: 76.8 MB.
System memory in use after: 76.3 MB.

Unloading 18 unused Assets to reduce memory usage. Loaded Objects now: 1787.
Total: 1.705000 ms (FindLiveObjects: 0.136700 ms CreateObjectMapping: 0.032600 ms MarkObjects: 1.253900 ms  DeleteObjects: 0.280700 ms)

========================================================================
Received Prepare
Registering precompiled user dll's ...
Registered in 0.000821 seconds.
Begin MonoManager ReloadAssembly
Native extension for WindowsStandalone target not found
Refreshing native plugins compatible for Editor in 0.21 ms, found 0 plugins.
Preloading 0 native plugins for Editor in 0.00 ms.
Mono: successfully reloaded assembly
- Completed reload, in  0.792 seconds
Platform modules already initialized, skipping
Refreshing native plugins compatible for Editor in 1.25 ms, found 0 plugins.
Preloading 0 native plugins for Editor in 0.00 ms.
Unloading 1128 Unused Serialized files (Serialized files now loaded: 0)
System memory in use before: 76.8 MB.
System memory in use after: 76.3 MB.

Unloading 18 unused Assets to reduce memory usage. Loaded Objects now: 1790.
Total: 3.413200 ms (FindLiveObjects: 0.409400 ms CreateObjectMapping: 0.659100 ms MarkObjects: 2.038000 ms  DeleteObjects: 0.305400 ms)

========================================================================
Received Prepare
Registering precompiled user dll's ...
Registered in 0.001153 seconds.
Begin MonoManager ReloadAssembly
Native extension for WindowsStandalone target not found
Refreshing native plugins compatible for Editor in 0.21 ms, found 0 plugins.
Preloading 0 native plugins for Editor in 0.00 ms.
Mono: successfully reloaded assembly
- Completed reload, in  0.746 seconds
Platform modules already initialized, skipping
Refreshing native plugins compatible for Editor in 0.20 ms, found 0 plugins.
Preloading 0 native plugins for Editor in 0.00 ms.
Unloading 1128 Unused Serialized files (Serialized files now loaded: 0)
System memory in use before: 76.9 MB.
System memory in use after: 76.3 MB.

Unloading 18 unused Assets to reduce memory usage. Loaded Objects now: 1793.
Total: 1.638300 ms (FindLiveObjects: 0.137800 ms CreateObjectMapping: 0.033700 ms MarkObjects: 1.183800 ms  DeleteObjects: 0.282100 ms)

========================================================================
Received Prepare
Registering precompiled user dll's ...
Registered in 0.000815 seconds.
Begin MonoManager ReloadAssembly
Native extension for WindowsStandalone target not found
Refreshing native plugins compatible for Editor in 0.21 ms, found 0 plugins.
Preloading 0 native plugins for Editor in 0.00 ms.
Mono: successfully reloaded assembly
- Completed reload, in  0.759 seconds
Platform modules already initialized, skipping
Refreshing native plugins compatible for Editor in 0.20 ms, found 0 plugins.
Preloading 0 native plugins for Editor in 0.00 ms.
Unloading 1128 Unused Serialized files (Serialized files now loaded: 0)
System memory in use before: 76.9 MB.
System memory in use after: 76.3 MB.

Unloading 18 unused Assets to reduce memory usage. Loaded Objects now: 1796.
Total: 1.633800 ms (FindLiveObjects: 0.136300 ms CreateObjectMapping: 0.029600 ms MarkObjects: 1.182400 ms  DeleteObjects: 0.284300 ms)

========================================================================
Received Prepare
Registering precompiled user dll's ...
Registered in 0.001525 seconds.
Begin MonoManager ReloadAssembly
Native extension for WindowsStandalone target not found
Refreshing native plugins compatible for Editor in 0.25 ms, found 0 plugins.
Preloading 0 native plugins for Editor in 0.00 ms.
Mono: successfully reloaded assembly
- Completed reload, in  0.837 seconds
Platform modules already initialized, skipping
Refreshing native plugins compatible for Editor in 0.44 ms, found 0 plugins.
Preloading 0 native plugins for Editor in 0.00 ms.
Unloading 1128 Unused Serialized files (Serialized files now loaded: 0)
System memory in use before: 76.9 MB.
System memory in use after: 76.3 MB.

Unloading 18 unused Assets to reduce memory usage. Loaded Objects now: 1799.
Total: 3.448600 ms (FindLiveObjects: 0.225000 ms CreateObjectMapping: 0.069700 ms MarkObjects: 2.549000 ms  DeleteObjects: 0.603000 ms)

========================================================================
Received Prepare
Refreshing native plugins compatible for Editor in 0.83 ms, found 0 plugins.
Preloading 0 native plugins for Editor in 0.00 ms.
Unloading 16 Unused Serialized files (Serialized files now loaded: 0)
System memory in use before: 54.8 MB.
System memory in use after: 54.2 MB.

Unloading 16 unused Assets to reduce memory usage. Loaded Objects now: 1799.
Total: 2.328600 ms (FindLiveObjects: 0.147100 ms CreateObjectMapping: 0.037200 ms MarkObjects: 1.586000 ms  DeleteObjects: 0.557200 ms)

========================================================================
Received Prepare
Refreshing native plugins compatible for Editor in 1.52 ms, found 0 plugins.
Preloading 0 native plugins for Editor in 0.00 ms.
Unloading 16 Unused Serialized files (Serialized files now loaded: 0)
System memory in use before: 54.9 MB.
System memory in use after: 54.3 MB.

Unloading 16 unused Assets to reduce memory usage. Loaded Objects now: 1799.
Total: 15.722600 ms (FindLiveObjects: 3.365400 ms CreateObjectMapping: 0.087800 ms MarkObjects: 11.861900 ms  DeleteObjects: 0.404400 ms)

AssetImportWorkerClient::OnTransportError - code=2 error=End of file
